+ cd /home/poare/lqcd/pion_mass
+ bash
+ module load openmpi
+ unset _mlshdbg
+ '[' 0 = 1 ']'
+ unset _mlre _mlIFS
+ '[' -n x ']'
+ _mlIFS=' 	
'
+ IFS=' '
+ '[' -n '' ']'
++ /usr/bin/tclsh /opt/software/modules-4.4.0/libexec/modulecmd.tcl bash load openmpi
+ eval
+ _mlstatus=0
+ '[' -n x ']'
+ IFS=' 	
'
+ unset _mlre _mlv _mlrv _mlIFS
+ '[' -n '' ']'
+ unset _mlshdbg
+ return 0
+ mpirun -np 4 /opt/software/qlua-20200107/bin/qlua /home/poare/lqcd/pion_mass/pion_mass.qlua
slurmstepd: error: *** JOB 4897 ON p51n1 CANCELLED AT 2020-01-10T16:20:42 DUE TO TIME LIMIT ***
mpirun: Forwarding signal 18 to job
