This is pdfTeX, Version 3.14159265-2.6-1.40.17 (TeX Live 2016) (preloaded format=pdflatex 2016.5.22)  22 MAY 2020 12:56
entering extended mode
 restricted \write18 enabled.
 file:line:error style messages enabled.
 %&-line parsing enabled.
**npr_momfrac_writeup.tex
(./npr_momfrac_writeup.tex
LaTeX2e <2016/03/31>
Babel <3.9r> and hyphenation patterns for 83 language(s) loaded.
(/usr/local/texlive/2016/texmf-dist/tex/latex/base/article.cls
Document Class: article 2014/09/29 v1.4h Standard LaTeX document class
(/usr/local/texlive/2016/texmf-dist/tex/latex/base/size11.clo
File: size11.clo 2014/09/29 v1.4h Standard LaTeX file (size option)
)
\c@part=\count79
\c@section=\count80
\c@subsection=\count81
\c@subsubsection=\count82
\c@paragraph=\count83
\c@subparagraph=\count84
\c@figure=\count85
\c@table=\count86
\abovecaptionskip=\skip41
\belowcaptionskip=\skip42
\bibindent=\dimen102
)
(/usr/local/texlive/2016/texmf-dist/tex/latex/geometry/geometry.sty
Package: geometry 2010/09/12 v5.6 Page Geometry

(/usr/local/texlive/2016/texmf-dist/tex/latex/graphics/keyval.sty
Package: keyval 2014/10/28 v1.15 key=value parser (DPC)
\KV@toks@=\toks14
)
(/usr/local/texlive/2016/texmf-dist/tex/generic/oberdiek/ifpdf.sty
Package: ifpdf 2016/05/14 v3.1 Provides the ifpdf switch
)
(/usr/local/texlive/2016/texmf-dist/tex/generic/oberdiek/ifvtex.sty
Package: ifvtex 2016/05/16 v1.6 Detect VTeX and its facilities (HO)
Package ifvtex Info: VTeX not detected.
)
(/usr/local/texlive/2016/texmf-dist/tex/generic/ifxetex/ifxetex.sty
Package: ifxetex 2010/09/12 v0.6 Provides ifxetex conditional
)
\Gm@cnth=\count87
\Gm@cntv=\count88
\c@Gm@tempcnt=\count89
\Gm@bindingoffset=\dimen103
\Gm@wd@mp=\dimen104
\Gm@odd@mp=\dimen105
\Gm@even@mp=\dimen106
\Gm@layoutwidth=\dimen107
\Gm@layoutheight=\dimen108
\Gm@layouthoffset=\dimen109
\Gm@layoutvoffset=\dimen110
\Gm@dimlist=\toks15
)
(/usr/local/texlive/2016/texmf-dist/tex/latex/graphics/graphicx.sty
Package: graphicx 2014/10/28 v1.0g Enhanced LaTeX Graphics (DPC,SPQR)

(/usr/local/texlive/2016/texmf-dist/tex/latex/graphics/graphics.sty
Package: graphics 2016/05/09 v1.0r Standard LaTeX Graphics (DPC,SPQR)

(/usr/local/texlive/2016/texmf-dist/tex/latex/graphics/trig.sty
Package: trig 2016/01/03 v1.10 sin cos tan (DPC)
)
(/usr/local/texlive/2016/texmf-dist/tex/latex/graphics-cfg/graphics.cfg
File: graphics.cfg 2016/01/02 v1.10 sample graphics configuration
)
Package graphics Info: Driver file: pdftex.def on input line 96.

(/usr/local/texlive/2016/texmf-dist/tex/latex/pdftex-def/pdftex.def
File: pdftex.def 2011/05/27 v0.06d Graphics/color for pdfTeX

(/usr/local/texlive/2016/texmf-dist/tex/generic/oberdiek/infwarerr.sty
Package: infwarerr 2016/05/16 v1.4 Providing info/warning/error messages (HO)
)
(/usr/local/texlive/2016/texmf-dist/tex/generic/oberdiek/ltxcmds.sty
Package: ltxcmds 2016/05/16 v1.23 LaTeX kernel commands for general use (HO)
)
\Gread@gobject=\count90
))
\Gin@req@height=\dimen111
\Gin@req@width=\dimen112
)
(/usr/local/texlive/2016/texmf-dist/tex/latex/amsfonts/amssymb.sty
Package: amssymb 2013/01/14 v3.01 AMS font symbols

(/usr/local/texlive/2016/texmf-dist/tex/latex/amsfonts/amsfonts.sty
Package: amsfonts 2013/01/14 v3.01 Basic AMSFonts support
\@emptytoks=\toks16
\symAMSa=\mathgroup4
\symAMSb=\mathgroup5
LaTeX Font Info:    Overwriting math alphabet `\mathfrak' in version `bold'
(Font)                  U/euf/m/n --> U/euf/b/n on input line 106.
))
(/usr/local/texlive/2016/texmf-dist/tex/latex/amsmath/amsmath.sty
Package: amsmath 2016/03/10 v2.15b AMS math features
\@mathmargin=\skip43

For additional information on amsmath, use the `?' option.
(/usr/local/texlive/2016/texmf-dist/tex/latex/amsmath/amstext.sty
Package: amstext 2000/06/29 v2.01 AMS text

(/usr/local/texlive/2016/texmf-dist/tex/latex/amsmath/amsgen.sty
File: amsgen.sty 1999/11/30 v2.0 generic functions
\@emptytoks=\toks17
\ex@=\dimen113
))
(/usr/local/texlive/2016/texmf-dist/tex/latex/amsmath/amsbsy.sty
Package: amsbsy 1999/11/29 v1.2d Bold Symbols
\pmbraise@=\dimen114
)
(/usr/local/texlive/2016/texmf-dist/tex/latex/amsmath/amsopn.sty
Package: amsopn 2016/03/08 v2.02 operator names
)
\inf@bad=\count91
LaTeX Info: Redefining \frac on input line 199.
\uproot@=\count92
\leftroot@=\count93
LaTeX Info: Redefining \overline on input line 297.
\classnum@=\count94
\DOTSCASE@=\count95
LaTeX Info: Redefining \ldots on input line 394.
LaTeX Info: Redefining \dots on input line 397.
LaTeX Info: Redefining \cdots on input line 518.
\Mathstrutbox@=\box26
\strutbox@=\box27
\big@size=\dimen115
LaTeX Font Info:    Redeclaring font encoding OML on input line 634.
LaTeX Font Info:    Redeclaring font encoding OMS on input line 635.
\macc@depth=\count96
\c@MaxMatrixCols=\count97
\dotsspace@=\muskip10
\c@parentequation=\count98
\dspbrk@lvl=\count99
\tag@help=\toks18
\row@=\count100
\column@=\count101
\maxfields@=\count102
\andhelp@=\toks19
\eqnshift@=\dimen116
\alignsep@=\dimen117
\tagshift@=\dimen118
\tagwidth@=\dimen119
\totwidth@=\dimen120
\lineht@=\dimen121
\@envbody=\toks20
\multlinegap=\skip44
\multlinetaggap=\skip45
\mathdisplay@stack=\toks21
LaTeX Info: Redefining \[ on input line 2739.
LaTeX Info: Redefining \] on input line 2740.
)
(/usr/local/texlive/2016/texmf-dist/tex/latex/enumitem/enumitem.sty
Package: enumitem 2011/09/28 v3.5.2 Customized lists
\labelindent=\skip46
\enit@outerparindent=\dimen122
\enit@toks=\toks22
\enit@inbox=\box28
\enitdp@description=\count103
)
(/usr/local/texlive/2016/texmf-dist/tex/latex/float/float.sty
Package: float 2001/11/08 v1.3d Float enhancements (AL)
\c@float@type=\count104
\float@exts=\toks23
\float@box=\box29
\@float@everytoks=\toks24
\@floatcapt=\box30
)
(/usr/local/texlive/2016/texmf-dist/tex/latex/tikz-cd/tikz-cd.sty
Package: tikz-cd 2014/10/30 v0.9e Commutative diagrams with tikz

(/usr/local/texlive/2016/texmf-dist/tex/latex/pgf/frontendlayer/tikz.sty
(/usr/local/texlive/2016/texmf-dist/tex/latex/pgf/basiclayer/pgf.sty
(/usr/local/texlive/2016/texmf-dist/tex/latex/pgf/utilities/pgfrcs.sty
(/usr/local/texlive/2016/texmf-dist/tex/generic/pgf/utilities/pgfutil-common.te
x
\pgfutil@everybye=\toks25
\pgfutil@tempdima=\dimen123
\pgfutil@tempdimb=\dimen124

(/usr/local/texlive/2016/texmf-dist/tex/generic/pgf/utilities/pgfutil-common-li
sts.tex))
(/usr/local/texlive/2016/texmf-dist/tex/generic/pgf/utilities/pgfutil-latex.def
\pgfutil@abb=\box31
(/usr/local/texlive/2016/texmf-dist/tex/latex/ms/everyshi.sty
Package: everyshi 2001/05/15 v3.00 EveryShipout Package (MS)
))
(/usr/local/texlive/2016/texmf-dist/tex/generic/pgf/utilities/pgfrcs.code.tex
Package: pgfrcs 2015/08/07 v3.0.1a (rcs-revision 1.31)
))
Package: pgf 2015/08/07 v3.0.1a (rcs-revision 1.15)
(/usr/local/texlive/2016/texmf-dist/tex/latex/pgf/basiclayer/pgfcore.sty
(/usr/local/texlive/2016/texmf-dist/tex/latex/pgf/systemlayer/pgfsys.sty
(/usr/local/texlive/2016/texmf-dist/tex/generic/pgf/systemlayer/pgfsys.code.tex
Package: pgfsys 2014/07/09 v3.0.1a (rcs-revision 1.48)
(/usr/local/texlive/2016/texmf-dist/tex/generic/pgf/utilities/pgfkeys.code.tex
\pgfkeys@pathtoks=\toks26
\pgfkeys@temptoks=\toks27

(/usr/local/texlive/2016/texmf-dist/tex/generic/pgf/utilities/pgfkeysfiltered.c
ode.tex
\pgfkeys@tmptoks=\toks28
))
\pgf@x=\dimen125
\pgf@y=\dimen126
\pgf@xa=\dimen127
\pgf@ya=\dimen128
\pgf@xb=\dimen129
\pgf@yb=\dimen130
\pgf@xc=\dimen131
\pgf@yc=\dimen132
\w@pgf@writea=\write3
\r@pgf@reada=\read1
\c@pgf@counta=\count105
\c@pgf@countb=\count106
\c@pgf@countc=\count107
\c@pgf@countd=\count108
\t@pgf@toka=\toks29
\t@pgf@tokb=\toks30
\t@pgf@tokc=\toks31

(/usr/local/texlive/2016/texmf-dist/tex/generic/pgf/systemlayer/pgf.cfg
File: pgf.cfg 2008/05/14  (rcs-revision 1.7)
)
Driver file for pgf: pgfsys-pdftex.def

(/usr/local/texlive/2016/texmf-dist/tex/generic/pgf/systemlayer/pgfsys-pdftex.d
ef
File: pgfsys-pdftex.def 2014/10/11  (rcs-revision 1.35)

(/usr/local/texlive/2016/texmf-dist/tex/generic/pgf/systemlayer/pgfsys-common-p
df.def
File: pgfsys-common-pdf.def 2013/10/10  (rcs-revision 1.13)
)))
(/usr/local/texlive/2016/texmf-dist/tex/generic/pgf/systemlayer/pgfsyssoftpath.
code.tex
File: pgfsyssoftpath.code.tex 2013/09/09  (rcs-revision 1.9)
\pgfsyssoftpath@smallbuffer@items=\count109
\pgfsyssoftpath@bigbuffer@items=\count110
)
(/usr/local/texlive/2016/texmf-dist/tex/generic/pgf/systemlayer/pgfsysprotocol.
code.tex
File: pgfsysprotocol.code.tex 2006/10/16  (rcs-revision 1.4)
)) (/usr/local/texlive/2016/texmf-dist/tex/latex/xcolor/xcolor.sty
Package: xcolor 2016/05/11 v2.12 LaTeX color extensions (UK)

(/usr/local/texlive/2016/texmf-dist/tex/latex/graphics-cfg/color.cfg
File: color.cfg 2016/01/02 v1.6 sample color configuration
)
Package xcolor Info: Driver file: pdftex.def on input line 225.
Package xcolor Info: Model `cmy' substituted by `cmy0' on input line 1348.
Package xcolor Info: Model `hsb' substituted by `rgb' on input line 1352.
Package xcolor Info: Model `RGB' extended on input line 1364.
Package xcolor Info: Model `HTML' substituted by `rgb' on input line 1366.
Package xcolor Info: Model `Hsb' substituted by `hsb' on input line 1367.
Package xcolor Info: Model `tHsb' substituted by `hsb' on input line 1368.
Package xcolor Info: Model `HSB' substituted by `hsb' on input line 1369.
Package xcolor Info: Model `Gray' substituted by `gray' on input line 1370.
Package xcolor Info: Model `wave' substituted by `hsb' on input line 1371.
)
(/usr/local/texlive/2016/texmf-dist/tex/generic/pgf/basiclayer/pgfcore.code.tex
Package: pgfcore 2010/04/11 v3.0.1a (rcs-revision 1.7)
(/usr/local/texlive/2016/texmf-dist/tex/generic/pgf/math/pgfmath.code.tex
(/usr/local/texlive/2016/texmf-dist/tex/generic/pgf/math/pgfmathcalc.code.tex
(/usr/local/texlive/2016/texmf-dist/tex/generic/pgf/math/pgfmathutil.code.tex)
(/usr/local/texlive/2016/texmf-dist/tex/generic/pgf/math/pgfmathparser.code.tex
\pgfmath@dimen=\dimen133
\pgfmath@count=\count111
\pgfmath@box=\box32
\pgfmath@toks=\toks32
\pgfmath@stack@operand=\toks33
\pgfmath@stack@operation=\toks34
)
(/usr/local/texlive/2016/texmf-dist/tex/generic/pgf/math/pgfmathfunctions.code.
tex
(/usr/local/texlive/2016/texmf-dist/tex/generic/pgf/math/pgfmathfunctions.basic
.code.tex)
(/usr/local/texlive/2016/texmf-dist/tex/generic/pgf/math/pgfmathfunctions.trigo
nometric.code.tex)
(/usr/local/texlive/2016/texmf-dist/tex/generic/pgf/math/pgfmathfunctions.rando
m.code.tex)
(/usr/local/texlive/2016/texmf-dist/tex/generic/pgf/math/pgfmathfunctions.compa
rison.code.tex)
(/usr/local/texlive/2016/texmf-dist/tex/generic/pgf/math/pgfmathfunctions.base.
code.tex)
(/usr/local/texlive/2016/texmf-dist/tex/generic/pgf/math/pgfmathfunctions.round
.code.tex)
(/usr/local/texlive/2016/texmf-dist/tex/generic/pgf/math/pgfmathfunctions.misc.
code.tex)
(/usr/local/texlive/2016/texmf-dist/tex/generic/pgf/math/pgfmathfunctions.integ
erarithmetics.code.tex)))
(/usr/local/texlive/2016/texmf-dist/tex/generic/pgf/math/pgfmathfloat.code.tex
\c@pgfmathroundto@lastzeros=\count112
))
(/usr/local/texlive/2016/texmf-dist/tex/generic/pgf/basiclayer/pgfcorepoints.co
de.tex
File: pgfcorepoints.code.tex 2013/10/07  (rcs-revision 1.27)
\pgf@picminx=\dimen134
\pgf@picmaxx=\dimen135
\pgf@picminy=\dimen136
\pgf@picmaxy=\dimen137
\pgf@pathminx=\dimen138
\pgf@pathmaxx=\dimen139
\pgf@pathminy=\dimen140
\pgf@pathmaxy=\dimen141
\pgf@xx=\dimen142
\pgf@xy=\dimen143
\pgf@yx=\dimen144
\pgf@yy=\dimen145
\pgf@zx=\dimen146
\pgf@zy=\dimen147
)
(/usr/local/texlive/2016/texmf-dist/tex/generic/pgf/basiclayer/pgfcorepathconst
ruct.code.tex
File: pgfcorepathconstruct.code.tex 2013/10/07  (rcs-revision 1.29)
\pgf@path@lastx=\dimen148
\pgf@path@lasty=\dimen149
)
(/usr/local/texlive/2016/texmf-dist/tex/generic/pgf/basiclayer/pgfcorepathusage
.code.tex
File: pgfcorepathusage.code.tex 2014/11/02  (rcs-revision 1.24)
\pgf@shorten@end@additional=\dimen150
\pgf@shorten@start@additional=\dimen151
)
(/usr/local/texlive/2016/texmf-dist/tex/generic/pgf/basiclayer/pgfcorescopes.co
de.tex
File: pgfcorescopes.code.tex 2015/05/08  (rcs-revision 1.46)
\pgfpic=\box33
\pgf@hbox=\box34
\pgf@layerbox@main=\box35
\pgf@picture@serial@count=\count113
)
(/usr/local/texlive/2016/texmf-dist/tex/generic/pgf/basiclayer/pgfcoregraphicst
ate.code.tex
File: pgfcoregraphicstate.code.tex 2014/11/02  (rcs-revision 1.12)
\pgflinewidth=\dimen152
)
(/usr/local/texlive/2016/texmf-dist/tex/generic/pgf/basiclayer/pgfcoretransform
ations.code.tex
File: pgfcoretransformations.code.tex 2015/08/07  (rcs-revision 1.20)
\pgf@pt@x=\dimen153
\pgf@pt@y=\dimen154
\pgf@pt@temp=\dimen155
)
(/usr/local/texlive/2016/texmf-dist/tex/generic/pgf/basiclayer/pgfcorequick.cod
e.tex
File: pgfcorequick.code.tex 2008/10/09  (rcs-revision 1.3)
)
(/usr/local/texlive/2016/texmf-dist/tex/generic/pgf/basiclayer/pgfcoreobjects.c
ode.tex
File: pgfcoreobjects.code.tex 2006/10/11  (rcs-revision 1.2)
)
(/usr/local/texlive/2016/texmf-dist/tex/generic/pgf/basiclayer/pgfcorepathproce
ssing.code.tex
File: pgfcorepathprocessing.code.tex 2013/09/09  (rcs-revision 1.9)
)
(/usr/local/texlive/2016/texmf-dist/tex/generic/pgf/basiclayer/pgfcorearrows.co
de.tex
File: pgfcorearrows.code.tex 2015/05/14  (rcs-revision 1.43)
\pgfarrowsep=\dimen156
)
(/usr/local/texlive/2016/texmf-dist/tex/generic/pgf/basiclayer/pgfcoreshade.cod
e.tex
File: pgfcoreshade.code.tex 2013/07/15  (rcs-revision 1.15)
\pgf@max=\dimen157
\pgf@sys@shading@range@num=\count114
)
(/usr/local/texlive/2016/texmf-dist/tex/generic/pgf/basiclayer/pgfcoreimage.cod
e.tex
File: pgfcoreimage.code.tex 2013/07/15  (rcs-revision 1.18)

(/usr/local/texlive/2016/texmf-dist/tex/generic/pgf/basiclayer/pgfcoreexternal.
code.tex
File: pgfcoreexternal.code.tex 2014/07/09  (rcs-revision 1.21)
\pgfexternal@startupbox=\box36
))
(/usr/local/texlive/2016/texmf-dist/tex/generic/pgf/basiclayer/pgfcorelayers.co
de.tex
File: pgfcorelayers.code.tex 2013/07/18  (rcs-revision 1.7)
)
(/usr/local/texlive/2016/texmf-dist/tex/generic/pgf/basiclayer/pgfcoretranspare
ncy.code.tex
File: pgfcoretransparency.code.tex 2013/09/30  (rcs-revision 1.5)
)
(/usr/local/texlive/2016/texmf-dist/tex/generic/pgf/basiclayer/pgfcorepatterns.
code.tex
File: pgfcorepatterns.code.tex 2013/11/07  (rcs-revision 1.5)
)))
(/usr/local/texlive/2016/texmf-dist/tex/generic/pgf/modules/pgfmoduleshapes.cod
e.tex
File: pgfmoduleshapes.code.tex 2014/03/21  (rcs-revision 1.35)
\pgfnodeparttextbox=\box37
)
(/usr/local/texlive/2016/texmf-dist/tex/generic/pgf/modules/pgfmoduleplot.code.
tex
File: pgfmoduleplot.code.tex 2015/08/03  (rcs-revision 1.13)
)
(/usr/local/texlive/2016/texmf-dist/tex/latex/pgf/compatibility/pgfcomp-version
-0-65.sty
Package: pgfcomp-version-0-65 2007/07/03 v3.0.1a (rcs-revision 1.7)
\pgf@nodesepstart=\dimen158
\pgf@nodesepend=\dimen159
)
(/usr/local/texlive/2016/texmf-dist/tex/latex/pgf/compatibility/pgfcomp-version
-1-18.sty
Package: pgfcomp-version-1-18 2007/07/23 v3.0.1a (rcs-revision 1.1)
))
(/usr/local/texlive/2016/texmf-dist/tex/latex/pgf/utilities/pgffor.sty
(/usr/local/texlive/2016/texmf-dist/tex/latex/pgf/utilities/pgfkeys.sty
(/usr/local/texlive/2016/texmf-dist/tex/generic/pgf/utilities/pgfkeys.code.tex)
) (/usr/local/texlive/2016/texmf-dist/tex/latex/pgf/math/pgfmath.sty
(/usr/local/texlive/2016/texmf-dist/tex/generic/pgf/math/pgfmath.code.tex))
(/usr/local/texlive/2016/texmf-dist/tex/generic/pgf/utilities/pgffor.code.tex
Package: pgffor 2013/12/13 v3.0.1a (rcs-revision 1.25)

(/usr/local/texlive/2016/texmf-dist/tex/generic/pgf/math/pgfmath.code.tex)
\pgffor@iter=\dimen160
\pgffor@skip=\dimen161
\pgffor@stack=\toks35
\pgffor@toks=\toks36
))
(/usr/local/texlive/2016/texmf-dist/tex/generic/pgf/frontendlayer/tikz/tikz.cod
e.tex
Package: tikz 2015/08/07 v3.0.1a (rcs-revision 1.151)

(/usr/local/texlive/2016/texmf-dist/tex/generic/pgf/libraries/pgflibraryplothan
dlers.code.tex
File: pgflibraryplothandlers.code.tex 2013/08/31 v3.0.1a (rcs-revision 1.20)
\pgf@plot@mark@count=\count115
\pgfplotmarksize=\dimen162
)
\tikz@lastx=\dimen163
\tikz@lasty=\dimen164
\tikz@lastxsaved=\dimen165
\tikz@lastysaved=\dimen166
\tikzleveldistance=\dimen167
\tikzsiblingdistance=\dimen168
\tikz@figbox=\box38
\tikz@figbox@bg=\box39
\tikz@tempbox=\box40
\tikz@tempbox@bg=\box41
\tikztreelevel=\count116
\tikznumberofchildren=\count117
\tikznumberofcurrentchild=\count118
\tikz@fig@count=\count119

(/usr/local/texlive/2016/texmf-dist/tex/generic/pgf/modules/pgfmodulematrix.cod
e.tex
File: pgfmodulematrix.code.tex 2013/09/17  (rcs-revision 1.8)
\pgfmatrixcurrentrow=\count120
\pgfmatrixcurrentcolumn=\count121
\pgf@matrix@numberofcolumns=\count122
)
\tikz@expandcount=\count123

(/usr/local/texlive/2016/texmf-dist/tex/generic/pgf/frontendlayer/tikz/librarie
s/tikzlibrarytopaths.code.tex
File: tikzlibrarytopaths.code.tex 2008/06/17 v3.0.1a (rcs-revision 1.2)
)))
(/usr/local/texlive/2016/texmf-dist/tex/generic/tikz-cd/tikzlibrarycd.code.tex
(/usr/local/texlive/2016/texmf-dist/tex/generic/pgf/frontendlayer/tikz/librarie
s/tikzlibrarymatrix.code.tex
File: tikzlibrarymatrix.code.tex 2013/07/12 v3.0.1a (rcs-revision 1.4)
)
(/usr/local/texlive/2016/texmf-dist/tex/generic/pgf/frontendlayer/tikz/librarie
s/tikzlibraryquotes.code.tex
File: tikzlibraryquotes.code.tex 2014/03/21 v3.0.1a (rcs-revision 1.4)
)
(/usr/local/texlive/2016/texmf-dist/tex/generic/pgf/libraries/pgflibraryarrows.
meta.code.tex
File: pgflibraryarrows.meta.code.tex 2015/05/13 v3.0.1a (rcs-revision 1.13)
\pgfarrowinset=\dimen169
\pgfarrowlength=\dimen170
\pgfarrowwidth=\dimen171
\pgfarrowlinewidth=\dimen172
)))
(/usr/local/texlive/2016/texmf-dist/tex/latex/caption/subcaption.sty
Package: subcaption 2016/02/20 v1.1-142 Sub-captions (AR)

(/usr/local/texlive/2016/texmf-dist/tex/latex/caption/caption.sty
Package: caption 2016/02/21 v3.3-144 Customizing captions (AR)

(/usr/local/texlive/2016/texmf-dist/tex/latex/caption/caption3.sty
Package: caption3 2016/02/04 v1.7-139 caption3 kernel (AR)
Package caption3 Info: TeX engine: e-TeX on input line 67.
\captionmargin=\dimen173
\captionmargin@=\dimen174
\captionwidth=\dimen175
\caption@tempdima=\dimen176
\caption@indent=\dimen177
\caption@parindent=\dimen178
\caption@hangindent=\dimen179
)
\c@ContinuedFloat=\count124
Package caption Info: float package is loaded.
)
\c@subfigure=\count125
\c@subtable=\count126
)
(/usr/local/texlive/2016/texmf-dist/tex/latex/carlisle/slashed.sty
Package: slashed 1997/01/16 v0.01 Feynman Slashed Character Notation (DPC)
)
(/usr/local/texlive/2016/texmf-dist/tex/latex/amscls/amsthm.sty
Package: amsthm 2015/03/04 v2.20.2
\thm@style=\toks37
\thm@bodyfont=\toks38
\thm@headfont=\toks39
\thm@notefont=\toks40
\thm@headpunct=\toks41
\thm@preskip=\skip47
\thm@postskip=\skip48
\thm@headsep=\skip49
\dth@everypar=\toks42
)
\c@definition=\count127
\c@theorem=\count128
\c@corollary=\count129

(/usr/local/texlive/2016/texmf-dist/tex/latex/simpler-wick/simpler-wick.sty
Package: simpler-wick 2015/12/11 Simpler Wick contractions

(/usr/local/texlive/2016/texmf-dist/tex/latex/pgfopts/pgfopts.sty
Package: pgfopts 2014/07/10 v2.1a LaTeX package options with pgfkeys
\pgfopts@list@add@a@toks=\toks43
\pgfopts@list@add@b@toks=\toks44
)
(/usr/local/texlive/2016/texmf-dist/tex/generic/pgf/frontendlayer/tikz/librarie
s/tikzlibrarycalc.code.tex
File: tikzlibrarycalc.code.tex 2013/07/15 v3.0.1a (rcs-revision 1.9)
)
(/usr/local/texlive/2016/texmf-dist/tex/latex/pgf/frontendlayer/libraries/tikzl
ibraryexternal.code.tex
(/usr/local/texlive/2016/texmf-dist/tex/generic/oberdiek/pdftexcmds.sty
Package: pdftexcmds 2016/05/10 v0.21 Utility functions of pdfTeX for LuaTeX (HO
)

(/usr/local/texlive/2016/texmf-dist/tex/generic/oberdiek/ifluatex.sty
Package: ifluatex 2016/05/16 v1.4 Provides the ifluatex switch (HO)
Package ifluatex Info: LuaTeX not detected.
)
Package pdftexcmds Info: LuaTeX not detected.
Package pdftexcmds Info: \pdf@primitive is available.
Package pdftexcmds Info: \pdf@ifprimitive is available.
Package pdftexcmds Info: \pdfdraftmode found.
)
(/usr/local/texlive/2016/texmf-dist/tex/generic/pgf/frontendlayer/tikz/librarie
s/tikzexternalshared.code.tex)))
(/usr/local/texlive/2016/texmf-dist/tex/latex/tikz-feynman/tikz-feynman.sty
Package: tikz-feynman 2016/02/05v1.1.0Feynman diagrams with TikZ

(/usr/local/texlive/2016/texmf-dist/tex/latex/tikz-feynman/tikzlibraryfeynman.c
ode.tex
(/usr/local/texlive/2016/texmf-dist/tex/generic/pgf/frontendlayer/tikz/librarie
s/tikzlibrarydecorations.code.tex
(/usr/local/texlive/2016/texmf-dist/tex/generic/pgf/modules/pgfmoduledecoration
s.code.tex
\pgfdecoratedcompleteddistance=\dimen180
\pgfdecoratedremainingdistance=\dimen181
\pgfdecoratedinputsegmentcompleteddistance=\dimen182
\pgfdecoratedinputsegmentremainingdistance=\dimen183
\pgf@decorate@distancetomove=\dimen184
\pgf@decorate@repeatstate=\count130
\pgfdecorationsegmentamplitude=\dimen185
\pgfdecorationsegmentlength=\dimen186
)
\tikz@lib@dec@box=\box42
)
(/usr/local/texlive/2016/texmf-dist/tex/generic/pgf/frontendlayer/tikz/librarie
s/tikzlibrarydecorations.markings.code.tex
(/usr/local/texlive/2016/texmf-dist/tex/generic/pgf/libraries/decorations/pgfli
brarydecorations.markings.code.tex))
(/usr/local/texlive/2016/texmf-dist/tex/generic/pgf/frontendlayer/tikz/librarie
s/tikzlibrarydecorations.pathmorphing.code.tex
(/usr/local/texlive/2016/texmf-dist/tex/generic/pgf/libraries/decorations/pgfli
brarydecorations.pathmorphing.code.tex))
(/usr/local/texlive/2016/texmf-dist/tex/generic/pgf/frontendlayer/tikz/librarie
s/tikzlibrarydecorations.pathreplacing.code.tex
(/usr/local/texlive/2016/texmf-dist/tex/generic/pgf/libraries/decorations/pgfli
brarydecorations.pathreplacing.code.tex))
(/usr/local/texlive/2016/texmf-dist/tex/generic/pgf/frontendlayer/tikz/librarie
s/graphs/tikzlibrarygraphs.code.tex
File: tikzlibrarygraphs.code.tex 2015/06/05 v3.0.1a (rcs-revision 1.44)
\tikz@lib@auto@number=\count131
\tikz@qnode@count=\count132
)
(/usr/local/texlive/2016/texmf-dist/tex/generic/pgf/frontendlayer/tikz/librarie
s/tikzlibrarypatterns.code.tex
File: tikzlibrarypatterns.code.tex 2008/01/15 v3.0.1a (rcs-revision 1.2)

(/usr/local/texlive/2016/texmf-dist/tex/generic/pgf/libraries/pgflibrarypattern
s.code.tex
File: pgflibrarypatterns.code.tex 2008/03/03 v3.0.1a (rcs-revision 1.13)
))
(/usr/local/texlive/2016/texmf-dist/tex/generic/pgf/frontendlayer/tikz/librarie
s/tikzlibrarypositioning.code.tex
File: tikzlibrarypositioning.code.tex 2008/10/06 v3.0.1a (rcs-revision 1.7)
)
(/usr/local/texlive/2016/texmf-dist/tex/generic/pgf/frontendlayer/tikz/librarie
s/tikzlibraryshapes.geometric.code.tex
File: tikzlibraryshapes.geometric.code.tex 2008/01/09 v3.0.1a (rcs-revision 1.1
)

(/usr/local/texlive/2016/texmf-dist/tex/generic/pgf/libraries/shapes/pgflibrary
shapes.geometric.code.tex
File: pgflibraryshapes.geometric.code.tex 2008/06/26 v3.0.1a (rcs-revision 1.1)

))
(/usr/local/texlive/2016/texmf-dist/tex/latex/tikz-feynman/tikzfeynman.keys.cod
e.tex)))
\symoasy=\mathgroup6
LaTeX Font Info:    Overwriting symbol font `oasy' in version `bold'
(Font)                  OMS/oasy/m/n --> OMS/oasy/b/n on input line 44.
 (./npr_momfrac_writeup.aux)
\openout1 = `npr_momfrac_writeup.aux'.

LaTeX Font Info:    Checking defaults for OML/cmm/m/it on input line 65.
LaTeX Font Info:    ... okay on input line 65.
LaTeX Font Info:    Checking defaults for T1/cmr/m/n on input line 65.
LaTeX Font Info:    ... okay on input line 65.
LaTeX Font Info:    Checking defaults for OT1/cmr/m/n on input line 65.
LaTeX Font Info:    ... okay on input line 65.
LaTeX Font Info:    Checking defaults for OMS/cmsy/m/n on input line 65.
LaTeX Font Info:    ... okay on input line 65.
LaTeX Font Info:    Checking defaults for OMX/cmex/m/n on input line 65.
LaTeX Font Info:    ... okay on input line 65.
LaTeX Font Info:    Checking defaults for U/cmr/m/n on input line 65.
LaTeX Font Info:    ... okay on input line 65.

*geometry* driver: auto-detecting
*geometry* detected driver: pdftex
*geometry* verbose mode - [ preamble ] result:
* driver: pdftex
* paper: letterpaper
* layout: <same size as paper>
* layoutoffset:(h,v)=(0.0pt,0.0pt)
* modes: 
* h-part:(L,W,R)=(72.26999pt, 469.75502pt, 72.26999pt)
* v-part:(T,H,B)=(72.26999pt, 650.43001pt, 72.26999pt)
* \paperwidth=614.295pt
* \paperheight=794.96999pt
* \textwidth=469.75502pt
* \textheight=650.43001pt
* \oddsidemargin=0.0pt
* \evensidemargin=0.0pt
* \topmargin=-37.0pt
* \headheight=12.0pt
* \headsep=25.0pt
* \topskip=11.0pt
* \footskip=30.0pt
* \marginparwidth=59.0pt
* \marginparsep=10.0pt
* \columnsep=10.0pt
* \skip\footins=10.0pt plus 4.0pt minus 2.0pt
* \hoffset=0.0pt
* \voffset=0.0pt
* \mag=1000
* \@twocolumnfalse
* \@twosidefalse
* \@mparswitchfalse
* \@reversemarginfalse
* (1in=72.27pt=25.4mm, 1cm=28.453pt)

(/usr/local/texlive/2016/texmf-dist/tex/context/base/mkii/supp-pdf.mkii
[Loading MPS to PDF converter (version 2006.09.02).]
\scratchcounter=\count133
\scratchdimen=\dimen187
\scratchbox=\box43
\nofMPsegments=\count134
\nofMParguments=\count135
\everyMPshowfont=\toks45
\MPscratchCnt=\count136
\MPscratchDim=\dimen188
\MPnumerator=\count137
\makeMPintoPDFobject=\count138
\everyMPtoPDFconversion=\toks46
) (/usr/local/texlive/2016/texmf-dist/tex/latex/oberdiek/epstopdf-base.sty
Package: epstopdf-base 2016/05/15 v2.6 Base part for package epstopdf

(/usr/local/texlive/2016/texmf-dist/tex/latex/oberdiek/grfext.sty
Package: grfext 2016/05/16 v1.2 Manage graphics extensions (HO)

(/usr/local/texlive/2016/texmf-dist/tex/generic/oberdiek/kvdefinekeys.sty
Package: kvdefinekeys 2016/05/16 v1.4 Define keys (HO)
))
(/usr/local/texlive/2016/texmf-dist/tex/latex/oberdiek/kvoptions.sty
Package: kvoptions 2016/05/16 v3.12 Key value format for package options (HO)

(/usr/local/texlive/2016/texmf-dist/tex/generic/oberdiek/kvsetkeys.sty
Package: kvsetkeys 2016/05/16 v1.17 Key value parser (HO)

(/usr/local/texlive/2016/texmf-dist/tex/generic/oberdiek/etexcmds.sty
Package: etexcmds 2016/05/16 v1.6 Avoid name clashes with e-TeX commands (HO)
Package etexcmds Info: Could not find \expanded.
(etexcmds)             That can mean that you are not using pdfTeX 1.50 or
(etexcmds)             that some package has redefined \expanded.
(etexcmds)             In the latter case, load this package earlier.
)))
Package grfext Info: Graphics extension search list:
(grfext)             [.png,.pdf,.jpg,.mps,.jpeg,.jbig2,.jb2,.PNG,.PDF,.JPG,.JPE
G,.JBIG2,.JB2,.eps]
(grfext)             \AppendGraphicsExtensions on input line 456.

(/usr/local/texlive/2016/texmf-dist/tex/latex/latexconfig/epstopdf-sys.cfg
File: epstopdf-sys.cfg 2010/07/13 v1.3 Configuration of (r)epstopdf for TeX Liv
e
))
ABD: EveryShipout initializing macros
Package caption Info: Begin \AtBeginDocument code.
Package caption Info: End \AtBeginDocument code.


Package tikz-feynman Warning: LuaTeX is required if you wish to have vertices a
utomatically placed. You can disable this warning by setting /tikzfeynman/warn 
luatex=false on input line 65.


Package tikz-feynman Warning: The preamble requested version 1.0.0, but the sys
tem version is 1.1.0. This may change some diagrams. on input line 65.

LaTeX Font Info:    Try loading font information for U+msa on input line 66.
(/usr/local/texlive/2016/texmf-dist/tex/latex/amsfonts/umsa.fd
File: umsa.fd 2013/01/14 v3.01 AMS symbols A
)
LaTeX Font Info:    Try loading font information for U+msb on input line 66.

(/usr/local/texlive/2016/texmf-dist/tex/latex/amsfonts/umsb.fd
File: umsb.fd 2013/01/14 v3.01 AMS symbols B
) [1

{/usr/local/texlive/2016/texmf-var/fonts/map/pdftex/updmap/pdftex.map}] [2]
LaTeX Font Info:    Try loading font information for U+euf on input line 174.

(/usr/local/texlive/2016/texmf-dist/tex/latex/amsfonts/ueuf.fd
File: ueuf.fd 2013/01/14 v3.01 Euler Fraktur
) [3]
Overfull \hbox (7.86823pt too wide) in paragraph at lines 242--242
[] 
 []

[4]

LaTeX Warning: Reference `eq:mom_prop' on page 5 undefined on input line 303.

[5]

LaTeX Warning: Reference `eq:mom_prop' on page 6 undefined on input line 340.

[6] <ZRIMOM.pdf, id=41, 462.52798pt x 346.89601pt>
File: ZRIMOM.pdf Graphic file (type pdf)
 <use ZRIMOM.pdf>
Package pdftex.def Info: ZRIMOM.pdf used on input line 397.
(pdftex.def)             Requested size: 281.85587pt x 211.39981pt.
 [7 <./ZRIMOM.pdf>] <ratio_op.pdf, id=90, 462.52798pt x 346.89601pt>
File: ratio_op.pdf Graphic file (type pdf)
 <use ratio_op.pdf>
Package pdftex.def Info: ratio_op.pdf used on input line 452.
(pdftex.def)             Requested size: 281.85587pt x 211.39981pt.

[8] <ZMSbar.pdf, id=95, 462.52798pt x 346.89601pt>
File: ZMSbar.pdf Graphic file (type pdf)
 <use ZMSbar.pdf>
Package pdftex.def Info: ZMSbar.pdf used on input line 470.
(pdftex.def)             Requested size: 281.85587pt x 211.39981pt.
 [9 <./ratio_op.pdf> <./ZMSbar.pdf

pdfTeX warning: /Library/TeX/texbin/pdflatex (file ./ZMSbar.pdf): PDF inclusion
: multiple pdfs with page group included in a single page
>] [10]
Underfull \hbox (badness 4647) in paragraph at lines 531--532
[]\OT1/cmr/m/n/10.95 Martinelli, G., Pit-tori, C., Sachra-jda, C., Testa, M., V
ladikas, A. (1994). A
 []


Underfull \hbox (badness 4328) in paragraph at lines 531--532
\OT1/cmr/m/n/10.95 Gen-eral Method for Non-Perturbative Renor-mal-iza-tion of L
at-tice Op-er-a-tors arXiv
 []

Missing character: There is no ä in font cmr10!
Missing character: There is no ü in font cmr10!

Underfull \hbox (badness 5622) in paragraph at lines 540--541
[]\OT1/cmr/m/n/10.95 Gracey, J. (2003). Three loop anoma-lous di-men-sion of th
e sec-ond mo-ment of
 []


Underfull \hbox (badness 2384) in paragraph at lines 540--541
\OT1/cmr/m/n/10.95 the transver-sity op-er-a-tor in the MS-bar and RI' schemes 
arXiv 667(1-2), 242-260.
 []

[11] (./npr_momfrac_writeup.aux)

LaTeX Warning: There were undefined references.

 ) 
Here is how much of TeX's memory you used:
 18085 strings out of 493014
 395117 string characters out of 6133351
 477095 words of memory out of 5000000
 21253 multiletter control sequences out of 15000+600000
 14051 words of font info for 55 fonts, out of 8000000 for 9000
 1141 hyphenation exceptions out of 8191
 61i,14n,84p,672b,669s stack positions out of 5000i,500n,10000p,200000b,80000s
{/usr/local/texlive/2016/texmf-dist/fonts/enc/dvips/old-arrows/oasy.enc}</usr
/local/texlive/2016/texmf-dist/fonts/type1/public/amsfonts/cm/cmbx10.pfb></usr/
local/texlive/2016/texmf-dist/fonts/type1/public/amsfonts/cm/cmbx12.pfb></usr/l
ocal/texlive/2016/texmf-dist/fonts/type1/public/amsfonts/cm/cmbx8.pfb></usr/loc
al/texlive/2016/texmf-dist/fonts/type1/public/amsfonts/cm/cmex10.pfb></usr/loca
l/texlive/2016/texmf-dist/fonts/type1/public/amsfonts/cm/cmmi10.pfb></usr/local
/texlive/2016/texmf-dist/fonts/type1/public/amsfonts/cm/cmmi12.pfb></usr/local/
texlive/2016/texmf-dist/fonts/type1/public/amsfonts/cm/cmmi6.pfb></usr/local/te
xlive/2016/texmf-dist/fonts/type1/public/amsfonts/cm/cmmi8.pfb></usr/local/texl
ive/2016/texmf-dist/fonts/type1/public/amsfonts/cm/cmr10.pfb></usr/local/texliv
e/2016/texmf-dist/fonts/type1/public/amsfonts/cm/cmr12.pfb></usr/local/texlive/
2016/texmf-dist/fonts/type1/public/amsfonts/cm/cmr17.pfb></usr/local/texlive/20
16/texmf-dist/fonts/type1/public/amsfonts/cm/cmr6.pfb></usr/local/texlive/2016/
texmf-dist/fonts/type1/public/amsfonts/cm/cmr8.pfb></usr/local/texlive/2016/tex
mf-dist/fonts/type1/public/amsfonts/cm/cmsy10.pfb></usr/local/texlive/2016/texm
f-dist/fonts/type1/public/amsfonts/cm/cmsy6.pfb></usr/local/texlive/2016/texmf-
dist/fonts/type1/public/amsfonts/cm/cmsy8.pfb></usr/local/texlive/2016/texmf-di
st/fonts/type1/public/amsfonts/cm/cmti10.pfb></usr/local/texlive/2016/texmf-dis
t/fonts/type1/public/amsfonts/cm/cmtt10.pfb></usr/local/texlive/2016/texmf-dist
/fonts/type1/public/amsfonts/euler/eufm10.pfb></usr/local/texlive/2016/texmf-di
st/fonts/type1/public/amsfonts/symbols/msbm10.pfb></usr/local/texlive/2016/texm
f-dist/fonts/type1/public/old-arrows/oasy6.pfb>
Output written on npr_momfrac_writeup.pdf (11 pages, 1639737 bytes).
PDF statistics:
 251 PDF objects out of 1000 (max. 8388607)
 134 compressed objects within 2 object streams
 0 named destinations out of 1000 (max. 500000)
 28 words of extra memory for PDF output out of 10000 (max. 10000000)

