+ cd /home/poare/lqcd/pion_mass
+ bash
+ module load openmpi
+ unset _mlshdbg
+ '[' 0 = 1 ']'
+ unset _mlre _mlIFS
+ '[' -n x ']'
+ _mlIFS=' 	
'
+ IFS=' '
+ '[' -n '' ']'
++ /usr/bin/tclsh /opt/software/modules-4.4.0/libexec/modulecmd.tcl bash load openmpi
+ eval 'MANPATH=/opt/software/openmpi-3.1.5/share/man:::/opt/software/slurm-19.05.4.1/share/man;' export 'MANPATH;
LOADEDMODULES=slurm/19.05.4.1:openmpi/3.1.5;' export 'LOADEDMODULES;
_LMFILES_=/opt/software/modules-4.4.0/modulefiles/slurm/19.05.4.1:/opt/software/modules-4.4.0/modulefiles/openmpi/3.1.5;' export '_LMFILES_;
MANPATH_modshare=:1:/opt/software/openmpi-3.1.5/share/man:1:/opt/software/slurm-19.05.4.1/share/man:1;' export 'MANPATH_modshare;
MODULES_LMCONFLICT=slurm/19.05.4.1\&slurm:openmpi/3.1.5\&openmpi;' export 'MODULES_LMCONFLICT;
MODULES_LMALTNAME=openmpi/3.1.5\&openmpi/default\&openmpi;' export 'MODULES_LMALTNAME;
MODULES_LMALTNAME_modshare=openmpi/3.1.5\&openmpi/default\&openmpi:1;' export 'MODULES_LMALTNAME_modshare;
MODULES_LMCONFLICT_modshare=slurm/19.05.4.1\&slurm:1:openmpi/3.1.5\&openmpi:1;' export 'MODULES_LMCONFLICT_modshare;
OPENMPI_TOP=/opt/software/openmpi-3.1.5;' export 'OPENMPI_TOP;
LOADEDMODULES_modshare=openmpi/3.1.5:1:slurm/19.05.4.1:1;' export 'LOADEDMODULES_modshare;
_LMFILES__modshare=/opt/software/modules-4.4.0/modulefiles/openmpi/3.1.5:1:/opt/software/modules-4.4.0/modulefiles/slurm/19.05.4.1:1;' export '_LMFILES__modshare;
PATH=/opt/software/openmpi-3.1.5/bin:/opt/software/modules-4.4.0/bin:/usr/local/sbin:/usr/local/bin:/usr/sbin:/usr/bin:/sbin:/bin:/usr/games:/usr/local/games:/opt/software/slurm-19.05.4.1/bin:/usr/lib/x86_64-linux-gnu/libmpi_mpifh.so.20;' export 'PATH;
PATH_modshare=/usr/lib/x86_64-linux-gnu/libmpi_mpifh.so.20:1:/opt/software/slurm-19.05.4.1/bin:1:/usr/bin:1:/usr/local/bin:1:/opt/software/openmpi-3.1.5/bin:1:/bin:1:/sbin:1:/usr/sbin:1:/usr/games:1:/opt/software/modules-4.4.0/bin:1:/usr/local/sbin:1:/usr/local/games:1;' export 'PATH_modshare;
test' '0;'
++ MANPATH=/opt/software/openmpi-3.1.5/share/man:::/opt/software/slurm-19.05.4.1/share/man
++ export MANPATH
++ LOADEDMODULES=slurm/19.05.4.1:openmpi/3.1.5
++ export LOADEDMODULES
++ _LMFILES_=/opt/software/modules-4.4.0/modulefiles/slurm/19.05.4.1:/opt/software/modules-4.4.0/modulefiles/openmpi/3.1.5
++ export _LMFILES_
++ MANPATH_modshare=:1:/opt/software/openmpi-3.1.5/share/man:1:/opt/software/slurm-19.05.4.1/share/man:1
++ export MANPATH_modshare
++ MODULES_LMCONFLICT='slurm/19.05.4.1&slurm:openmpi/3.1.5&openmpi'
++ export MODULES_LMCONFLICT
++ MODULES_LMALTNAME='openmpi/3.1.5&openmpi/default&openmpi'
++ export MODULES_LMALTNAME
++ MODULES_LMALTNAME_modshare='openmpi/3.1.5&openmpi/default&openmpi:1'
++ export MODULES_LMALTNAME_modshare
++ MODULES_LMCONFLICT_modshare='slurm/19.05.4.1&slurm:1:openmpi/3.1.5&openmpi:1'
++ export MODULES_LMCONFLICT_modshare
++ OPENMPI_TOP=/opt/software/openmpi-3.1.5
++ export OPENMPI_TOP
++ LOADEDMODULES_modshare=openmpi/3.1.5:1:slurm/19.05.4.1:1
++ export LOADEDMODULES_modshare
++ _LMFILES__modshare=/opt/software/modules-4.4.0/modulefiles/openmpi/3.1.5:1:/opt/software/modules-4.4.0/modulefiles/slurm/19.05.4.1:1
++ export _LMFILES__modshare
++ PATH=/opt/software/openmpi-3.1.5/bin:/opt/software/modules-4.4.0/bin:/usr/local/sbin:/usr/local/bin:/usr/sbin:/usr/bin:/sbin:/bin:/usr/games:/usr/local/games:/opt/software/slurm-19.05.4.1/bin:/usr/lib/x86_64-linux-gnu/libmpi_mpifh.so.20
++ export PATH
++ PATH_modshare=/usr/lib/x86_64-linux-gnu/libmpi_mpifh.so.20:1:/opt/software/slurm-19.05.4.1/bin:1:/usr/bin:1:/usr/local/bin:1:/opt/software/openmpi-3.1.5/bin:1:/bin:1:/sbin:1:/usr/sbin:1:/usr/games:1:/opt/software/modules-4.4.0/bin:1:/usr/local/sbin:1:/usr/local/games:1
++ export PATH_modshare
++ test 0
+ _mlstatus=0
+ '[' -n x ']'
+ IFS=' 	
'
+ unset _mlre _mlv _mlrv _mlIFS
+ '[' -n '' ']'
+ unset _mlshdbg
+ return 0
+ module load qlua
+ unset _mlshdbg
+ '[' 0 = 1 ']'
+ unset _mlre _mlIFS
+ '[' -n x ']'
+ _mlIFS=' 	
'
+ IFS=' '
+ '[' -n '' ']'
++ /usr/bin/tclsh /opt/software/modules-4.4.0/libexec/modulecmd.tcl bash load qlua
+ eval 'MANPATH=/opt/software/openmpi-3.1.5/share/man:::/opt/software/slurm-19.05.4.1/share/man:/opt/software/qlua-20200107/share/man;' export 'MANPATH;
LOADEDMODULES=slurm/19.05.4.1:openmpi/3.1.5:qlua/20200107;' export 'LOADEDMODULES;
_LMFILES_=/opt/software/modules-4.4.0/modulefiles/slurm/19.05.4.1:/opt/software/modules-4.4.0/modulefiles/openmpi/3.1.5:/opt/software/modules-4.4.0/modulefiles/qlua/20200107;' export '_LMFILES_;
MANPATH_modshare=/opt/software/qlua-20200107/share/man:1::1:/opt/software/openmpi-3.1.5/share/man:1:/opt/software/slurm-19.05.4.1/share/man:1;' export 'MANPATH_modshare;
MODULES_LMCONFLICT=slurm/19.05.4.1\&slurm:openmpi/3.1.5\&openmpi:qlua/20200107\&qlua;' export 'MODULES_LMCONFLICT;
MODULES_LMALTNAME=openmpi/3.1.5\&openmpi/default\&openmpi:qlua/20200107\&qlua/default\&qlua;' export 'MODULES_LMALTNAME;
MODULES_LMCONFLICT_modshare=slurm/19.05.4.1\&slurm:1:openmpi/3.1.5\&openmpi:1:qlua/20200107\&qlua:1;' export 'MODULES_LMCONFLICT_modshare;
MODULES_LMALTNAME_modshare=qlua/20200107\&qlua/default\&qlua:1:openmpi/3.1.5\&openmpi/default\&openmpi:1;' export 'MODULES_LMALTNAME_modshare;
LOADEDMODULES_modshare=slurm/19.05.4.1:1:openmpi/3.1.5:1:qlua/20200107:1;' export 'LOADEDMODULES_modshare;
_LMFILES__modshare=/opt/software/modules-4.4.0/modulefiles/slurm/19.05.4.1:1:/opt/software/modules-4.4.0/modulefiles/openmpi/3.1.5:1:/opt/software/modules-4.4.0/modulefiles/qlua/20200107:1;' export '_LMFILES__modshare;
PATH=/opt/software/openmpi-3.1.5/bin:/opt/software/modules-4.4.0/bin:/usr/local/sbin:/usr/local/bin:/usr/sbin:/usr/bin:/sbin:/bin:/usr/games:/usr/local/games:/opt/software/slurm-19.05.4.1/bin:/usr/lib/x86_64-linux-gnu/libmpi_mpifh.so.20:/opt/software/qlua-20200107/bin;' export 'PATH;
PATH_modshare=/usr/lib/x86_64-linux-gnu/libmpi_mpifh.so.20:1:/usr/bin:1:/opt/software/slurm-19.05.4.1/bin:1:/usr/local/bin:1:/opt/software/openmpi-3.1.5/bin:1:/opt/software/qlua-20200107/bin:1:/bin:1:/sbin:1:/usr/sbin:1:/opt/software/modules-4.4.0/bin:1:/usr/games:1:/usr/local/sbin:1:/usr/local/games:1;' export 'PATH_modshare;
test' '0;'
++ MANPATH=/opt/software/openmpi-3.1.5/share/man:::/opt/software/slurm-19.05.4.1/share/man:/opt/software/qlua-20200107/share/man
++ export MANPATH
++ LOADEDMODULES=slurm/19.05.4.1:openmpi/3.1.5:qlua/20200107
++ export LOADEDMODULES
++ _LMFILES_=/opt/software/modules-4.4.0/modulefiles/slurm/19.05.4.1:/opt/software/modules-4.4.0/modulefiles/openmpi/3.1.5:/opt/software/modules-4.4.0/modulefiles/qlua/20200107
++ export _LMFILES_
++ MANPATH_modshare=/opt/software/qlua-20200107/share/man:1::1:/opt/software/openmpi-3.1.5/share/man:1:/opt/software/slurm-19.05.4.1/share/man:1
++ export MANPATH_modshare
++ MODULES_LMCONFLICT='slurm/19.05.4.1&slurm:openmpi/3.1.5&openmpi:qlua/20200107&qlua'
++ export MODULES_LMCONFLICT
++ MODULES_LMALTNAME='openmpi/3.1.5&openmpi/default&openmpi:qlua/20200107&qlua/default&qlua'
++ export MODULES_LMALTNAME
++ MODULES_LMCONFLICT_modshare='slurm/19.05.4.1&slurm:1:openmpi/3.1.5&openmpi:1:qlua/20200107&qlua:1'
++ export MODULES_LMCONFLICT_modshare
++ MODULES_LMALTNAME_modshare='qlua/20200107&qlua/default&qlua:1:openmpi/3.1.5&openmpi/default&openmpi:1'
++ export MODULES_LMALTNAME_modshare
++ LOADEDMODULES_modshare=slurm/19.05.4.1:1:openmpi/3.1.5:1:qlua/20200107:1
++ export LOADEDMODULES_modshare
++ _LMFILES__modshare=/opt/software/modules-4.4.0/modulefiles/slurm/19.05.4.1:1:/opt/software/modules-4.4.0/modulefiles/openmpi/3.1.5:1:/opt/software/modules-4.4.0/modulefiles/qlua/20200107:1
++ export _LMFILES__modshare
++ PATH=/opt/software/openmpi-3.1.5/bin:/opt/software/modules-4.4.0/bin:/usr/local/sbin:/usr/local/bin:/usr/sbin:/usr/bin:/sbin:/bin:/usr/games:/usr/local/games:/opt/software/slurm-19.05.4.1/bin:/usr/lib/x86_64-linux-gnu/libmpi_mpifh.so.20:/opt/software/qlua-20200107/bin
++ export PATH
++ PATH_modshare=/usr/lib/x86_64-linux-gnu/libmpi_mpifh.so.20:1:/usr/bin:1:/opt/software/slurm-19.05.4.1/bin:1:/usr/local/bin:1:/opt/software/openmpi-3.1.5/bin:1:/opt/software/qlua-20200107/bin:1:/bin:1:/sbin:1:/usr/sbin:1:/opt/software/modules-4.4.0/bin:1:/usr/games:1:/usr/local/sbin:1:/usr/local/games:1
++ export PATH_modshare
++ test 0
+ _mlstatus=0
+ '[' -n x ']'
+ IFS=' 	
'
+ unset _mlre _mlv _mlrv _mlIFS
+ '[' -n '' ']'
+ unset _mlshdbg
+ return 0
+ EXE=qlua
+ cfgpath=/data/d10b/ensembles/quenched/
+ cfgbase=su3_24_48_b6p10050
+ mkdir ./logs/su3_24_48_b6p10050_5683
+ mkdir ./output/su3_24_48_b6p10050_5683
+ Lx=24
+ Lt=48
+ beta=6.10050
+ kappa=.121
+ parameters='jobid = 5683 cfgpath = '\''/data/d10b/ensembles/quenched/'\'' cfgbase = '\''su3_24_48_b6p10050'\'' Lx = 24 Lt = 48 beta = 6.10050 kappa = .121'
++ seq 100 10 650
+ for cfg in `seq 100 10 650`
+ mpirun -np 4 qlua -e 'jobid = 5683 cfgpath = '\''/data/d10b/ensembles/quenched/'\'' cfgbase = '\''su3_24_48_b6p10050'\'' Lx = 24 Lt = 48 beta = 6.10050 kappa = .121 cfgnum = 100' /home/poare/lqcd/pion_mass/pion_mass.qlua
+ for cfg in `seq 100 10 650`
+ mpirun -np 4 qlua -e 'jobid = 5683 cfgpath = '\''/data/d10b/ensembles/quenched/'\'' cfgbase = '\''su3_24_48_b6p10050'\'' Lx = 24 Lt = 48 beta = 6.10050 kappa = .121 cfgnum = 110' /home/poare/lqcd/pion_mass/pion_mass.qlua
+ for cfg in `seq 100 10 650`
+ mpirun -np 4 qlua -e 'jobid = 5683 cfgpath = '\''/data/d10b/ensembles/quenched/'\'' cfgbase = '\''su3_24_48_b6p10050'\'' Lx = 24 Lt = 48 beta = 6.10050 kappa = .121 cfgnum = 120' /home/poare/lqcd/pion_mass/pion_mass.qlua
+ for cfg in `seq 100 10 650`
+ mpirun -np 4 qlua -e 'jobid = 5683 cfgpath = '\''/data/d10b/ensembles/quenched/'\'' cfgbase = '\''su3_24_48_b6p10050'\'' Lx = 24 Lt = 48 beta = 6.10050 kappa = .121 cfgnum = 130' /home/poare/lqcd/pion_mass/pion_mass.qlua
+ for cfg in `seq 100 10 650`
+ mpirun -np 4 qlua -e 'jobid = 5683 cfgpath = '\''/data/d10b/ensembles/quenched/'\'' cfgbase = '\''su3_24_48_b6p10050'\'' Lx = 24 Lt = 48 beta = 6.10050 kappa = .121 cfgnum = 140' /home/poare/lqcd/pion_mass/pion_mass.qlua
+ for cfg in `seq 100 10 650`
+ mpirun -np 4 qlua -e 'jobid = 5683 cfgpath = '\''/data/d10b/ensembles/quenched/'\'' cfgbase = '\''su3_24_48_b6p10050'\'' Lx = 24 Lt = 48 beta = 6.10050 kappa = .121 cfgnum = 150' /home/poare/lqcd/pion_mass/pion_mass.qlua
+ for cfg in `seq 100 10 650`
+ mpirun -np 4 qlua -e 'jobid = 5683 cfgpath = '\''/data/d10b/ensembles/quenched/'\'' cfgbase = '\''su3_24_48_b6p10050'\'' Lx = 24 Lt = 48 beta = 6.10050 kappa = .121 cfgnum = 160' /home/poare/lqcd/pion_mass/pion_mass.qlua
+ for cfg in `seq 100 10 650`
+ mpirun -np 4 qlua -e 'jobid = 5683 cfgpath = '\''/data/d10b/ensembles/quenched/'\'' cfgbase = '\''su3_24_48_b6p10050'\'' Lx = 24 Lt = 48 beta = 6.10050 kappa = .121 cfgnum = 170' /home/poare/lqcd/pion_mass/pion_mass.qlua
+ for cfg in `seq 100 10 650`
+ mpirun -np 4 qlua -e 'jobid = 5683 cfgpath = '\''/data/d10b/ensembles/quenched/'\'' cfgbase = '\''su3_24_48_b6p10050'\'' Lx = 24 Lt = 48 beta = 6.10050 kappa = .121 cfgnum = 180' /home/poare/lqcd/pion_mass/pion_mass.qlua
+ for cfg in `seq 100 10 650`
+ mpirun -np 4 qlua -e 'jobid = 5683 cfgpath = '\''/data/d10b/ensembles/quenched/'\'' cfgbase = '\''su3_24_48_b6p10050'\'' Lx = 24 Lt = 48 beta = 6.10050 kappa = .121 cfgnum = 190' /home/poare/lqcd/pion_mass/pion_mass.qlua
+ for cfg in `seq 100 10 650`
+ mpirun -np 4 qlua -e 'jobid = 5683 cfgpath = '\''/data/d10b/ensembles/quenched/'\'' cfgbase = '\''su3_24_48_b6p10050'\'' Lx = 24 Lt = 48 beta = 6.10050 kappa = .121 cfgnum = 200' /home/poare/lqcd/pion_mass/pion_mass.qlua
+ for cfg in `seq 100 10 650`
+ mpirun -np 4 qlua -e 'jobid = 5683 cfgpath = '\''/data/d10b/ensembles/quenched/'\'' cfgbase = '\''su3_24_48_b6p10050'\'' Lx = 24 Lt = 48 beta = 6.10050 kappa = .121 cfgnum = 210' /home/poare/lqcd/pion_mass/pion_mass.qlua
+ for cfg in `seq 100 10 650`
+ mpirun -np 4 qlua -e 'jobid = 5683 cfgpath = '\''/data/d10b/ensembles/quenched/'\'' cfgbase = '\''su3_24_48_b6p10050'\'' Lx = 24 Lt = 48 beta = 6.10050 kappa = .121 cfgnum = 220' /home/poare/lqcd/pion_mass/pion_mass.qlua
+ for cfg in `seq 100 10 650`
+ mpirun -np 4 qlua -e 'jobid = 5683 cfgpath = '\''/data/d10b/ensembles/quenched/'\'' cfgbase = '\''su3_24_48_b6p10050'\'' Lx = 24 Lt = 48 beta = 6.10050 kappa = .121 cfgnum = 230' /home/poare/lqcd/pion_mass/pion_mass.qlua
+ for cfg in `seq 100 10 650`
+ mpirun -np 4 qlua -e 'jobid = 5683 cfgpath = '\''/data/d10b/ensembles/quenched/'\'' cfgbase = '\''su3_24_48_b6p10050'\'' Lx = 24 Lt = 48 beta = 6.10050 kappa = .121 cfgnum = 240' /home/poare/lqcd/pion_mass/pion_mass.qlua
+ for cfg in `seq 100 10 650`
+ mpirun -np 4 qlua -e 'jobid = 5683 cfgpath = '\''/data/d10b/ensembles/quenched/'\'' cfgbase = '\''su3_24_48_b6p10050'\'' Lx = 24 Lt = 48 beta = 6.10050 kappa = .121 cfgnum = 250' /home/poare/lqcd/pion_mass/pion_mass.qlua
+ for cfg in `seq 100 10 650`
+ mpirun -np 4 qlua -e 'jobid = 5683 cfgpath = '\''/data/d10b/ensembles/quenched/'\'' cfgbase = '\''su3_24_48_b6p10050'\'' Lx = 24 Lt = 48 beta = 6.10050 kappa = .121 cfgnum = 260' /home/poare/lqcd/pion_mass/pion_mass.qlua
+ for cfg in `seq 100 10 650`
+ mpirun -np 4 qlua -e 'jobid = 5683 cfgpath = '\''/data/d10b/ensembles/quenched/'\'' cfgbase = '\''su3_24_48_b6p10050'\'' Lx = 24 Lt = 48 beta = 6.10050 kappa = .121 cfgnum = 270' /home/poare/lqcd/pion_mass/pion_mass.qlua
+ for cfg in `seq 100 10 650`
+ mpirun -np 4 qlua -e 'jobid = 5683 cfgpath = '\''/data/d10b/ensembles/quenched/'\'' cfgbase = '\''su3_24_48_b6p10050'\'' Lx = 24 Lt = 48 beta = 6.10050 kappa = .121 cfgnum = 280' /home/poare/lqcd/pion_mass/pion_mass.qlua
+ for cfg in `seq 100 10 650`
+ mpirun -np 4 qlua -e 'jobid = 5683 cfgpath = '\''/data/d10b/ensembles/quenched/'\'' cfgbase = '\''su3_24_48_b6p10050'\'' Lx = 24 Lt = 48 beta = 6.10050 kappa = .121 cfgnum = 290' /home/poare/lqcd/pion_mass/pion_mass.qlua
+ for cfg in `seq 100 10 650`
+ mpirun -np 4 qlua -e 'jobid = 5683 cfgpath = '\''/data/d10b/ensembles/quenched/'\'' cfgbase = '\''su3_24_48_b6p10050'\'' Lx = 24 Lt = 48 beta = 6.10050 kappa = .121 cfgnum = 300' /home/poare/lqcd/pion_mass/pion_mass.qlua
+ for cfg in `seq 100 10 650`
+ mpirun -np 4 qlua -e 'jobid = 5683 cfgpath = '\''/data/d10b/ensembles/quenched/'\'' cfgbase = '\''su3_24_48_b6p10050'\'' Lx = 24 Lt = 48 beta = 6.10050 kappa = .121 cfgnum = 310' /home/poare/lqcd/pion_mass/pion_mass.qlua
+ for cfg in `seq 100 10 650`
+ mpirun -np 4 qlua -e 'jobid = 5683 cfgpath = '\''/data/d10b/ensembles/quenched/'\'' cfgbase = '\''su3_24_48_b6p10050'\'' Lx = 24 Lt = 48 beta = 6.10050 kappa = .121 cfgnum = 320' /home/poare/lqcd/pion_mass/pion_mass.qlua
+ for cfg in `seq 100 10 650`
+ mpirun -np 4 qlua -e 'jobid = 5683 cfgpath = '\''/data/d10b/ensembles/quenched/'\'' cfgbase = '\''su3_24_48_b6p10050'\'' Lx = 24 Lt = 48 beta = 6.10050 kappa = .121 cfgnum = 330' /home/poare/lqcd/pion_mass/pion_mass.qlua
+ for cfg in `seq 100 10 650`
+ mpirun -np 4 qlua -e 'jobid = 5683 cfgpath = '\''/data/d10b/ensembles/quenched/'\'' cfgbase = '\''su3_24_48_b6p10050'\'' Lx = 24 Lt = 48 beta = 6.10050 kappa = .121 cfgnum = 340' /home/poare/lqcd/pion_mass/pion_mass.qlua
+ for cfg in `seq 100 10 650`
+ mpirun -np 4 qlua -e 'jobid = 5683 cfgpath = '\''/data/d10b/ensembles/quenched/'\'' cfgbase = '\''su3_24_48_b6p10050'\'' Lx = 24 Lt = 48 beta = 6.10050 kappa = .121 cfgnum = 350' /home/poare/lqcd/pion_mass/pion_mass.qlua
+ for cfg in `seq 100 10 650`
+ mpirun -np 4 qlua -e 'jobid = 5683 cfgpath = '\''/data/d10b/ensembles/quenched/'\'' cfgbase = '\''su3_24_48_b6p10050'\'' Lx = 24 Lt = 48 beta = 6.10050 kappa = .121 cfgnum = 360' /home/poare/lqcd/pion_mass/pion_mass.qlua
+ for cfg in `seq 100 10 650`
+ mpirun -np 4 qlua -e 'jobid = 5683 cfgpath = '\''/data/d10b/ensembles/quenched/'\'' cfgbase = '\''su3_24_48_b6p10050'\'' Lx = 24 Lt = 48 beta = 6.10050 kappa = .121 cfgnum = 370' /home/poare/lqcd/pion_mass/pion_mass.qlua
+ for cfg in `seq 100 10 650`
+ mpirun -np 4 qlua -e 'jobid = 5683 cfgpath = '\''/data/d10b/ensembles/quenched/'\'' cfgbase = '\''su3_24_48_b6p10050'\'' Lx = 24 Lt = 48 beta = 6.10050 kappa = .121 cfgnum = 380' /home/poare/lqcd/pion_mass/pion_mass.qlua
+ for cfg in `seq 100 10 650`
+ mpirun -np 4 qlua -e 'jobid = 5683 cfgpath = '\''/data/d10b/ensembles/quenched/'\'' cfgbase = '\''su3_24_48_b6p10050'\'' Lx = 24 Lt = 48 beta = 6.10050 kappa = .121 cfgnum = 390' /home/poare/lqcd/pion_mass/pion_mass.qlua
+ for cfg in `seq 100 10 650`
+ mpirun -np 4 qlua -e 'jobid = 5683 cfgpath = '\''/data/d10b/ensembles/quenched/'\'' cfgbase = '\''su3_24_48_b6p10050'\'' Lx = 24 Lt = 48 beta = 6.10050 kappa = .121 cfgnum = 400' /home/poare/lqcd/pion_mass/pion_mass.qlua
+ for cfg in `seq 100 10 650`
+ mpirun -np 4 qlua -e 'jobid = 5683 cfgpath = '\''/data/d10b/ensembles/quenched/'\'' cfgbase = '\''su3_24_48_b6p10050'\'' Lx = 24 Lt = 48 beta = 6.10050 kappa = .121 cfgnum = 410' /home/poare/lqcd/pion_mass/pion_mass.qlua
+ for cfg in `seq 100 10 650`
+ mpirun -np 4 qlua -e 'jobid = 5683 cfgpath = '\''/data/d10b/ensembles/quenched/'\'' cfgbase = '\''su3_24_48_b6p10050'\'' Lx = 24 Lt = 48 beta = 6.10050 kappa = .121 cfgnum = 420' /home/poare/lqcd/pion_mass/pion_mass.qlua
+ for cfg in `seq 100 10 650`
+ mpirun -np 4 qlua -e 'jobid = 5683 cfgpath = '\''/data/d10b/ensembles/quenched/'\'' cfgbase = '\''su3_24_48_b6p10050'\'' Lx = 24 Lt = 48 beta = 6.10050 kappa = .121 cfgnum = 430' /home/poare/lqcd/pion_mass/pion_mass.qlua
+ for cfg in `seq 100 10 650`
+ mpirun -np 4 qlua -e 'jobid = 5683 cfgpath = '\''/data/d10b/ensembles/quenched/'\'' cfgbase = '\''su3_24_48_b6p10050'\'' Lx = 24 Lt = 48 beta = 6.10050 kappa = .121 cfgnum = 440' /home/poare/lqcd/pion_mass/pion_mass.qlua
+ for cfg in `seq 100 10 650`
+ mpirun -np 4 qlua -e 'jobid = 5683 cfgpath = '\''/data/d10b/ensembles/quenched/'\'' cfgbase = '\''su3_24_48_b6p10050'\'' Lx = 24 Lt = 48 beta = 6.10050 kappa = .121 cfgnum = 450' /home/poare/lqcd/pion_mass/pion_mass.qlua
+ for cfg in `seq 100 10 650`
+ mpirun -np 4 qlua -e 'jobid = 5683 cfgpath = '\''/data/d10b/ensembles/quenched/'\'' cfgbase = '\''su3_24_48_b6p10050'\'' Lx = 24 Lt = 48 beta = 6.10050 kappa = .121 cfgnum = 460' /home/poare/lqcd/pion_mass/pion_mass.qlua
+ for cfg in `seq 100 10 650`
+ mpirun -np 4 qlua -e 'jobid = 5683 cfgpath = '\''/data/d10b/ensembles/quenched/'\'' cfgbase = '\''su3_24_48_b6p10050'\'' Lx = 24 Lt = 48 beta = 6.10050 kappa = .121 cfgnum = 470' /home/poare/lqcd/pion_mass/pion_mass.qlua
+ for cfg in `seq 100 10 650`
+ mpirun -np 4 qlua -e 'jobid = 5683 cfgpath = '\''/data/d10b/ensembles/quenched/'\'' cfgbase = '\''su3_24_48_b6p10050'\'' Lx = 24 Lt = 48 beta = 6.10050 kappa = .121 cfgnum = 480' /home/poare/lqcd/pion_mass/pion_mass.qlua
+ for cfg in `seq 100 10 650`
+ mpirun -np 4 qlua -e 'jobid = 5683 cfgpath = '\''/data/d10b/ensembles/quenched/'\'' cfgbase = '\''su3_24_48_b6p10050'\'' Lx = 24 Lt = 48 beta = 6.10050 kappa = .121 cfgnum = 490' /home/poare/lqcd/pion_mass/pion_mass.qlua
+ for cfg in `seq 100 10 650`
+ mpirun -np 4 qlua -e 'jobid = 5683 cfgpath = '\''/data/d10b/ensembles/quenched/'\'' cfgbase = '\''su3_24_48_b6p10050'\'' Lx = 24 Lt = 48 beta = 6.10050 kappa = .121 cfgnum = 500' /home/poare/lqcd/pion_mass/pion_mass.qlua
+ for cfg in `seq 100 10 650`
+ mpirun -np 4 qlua -e 'jobid = 5683 cfgpath = '\''/data/d10b/ensembles/quenched/'\'' cfgbase = '\''su3_24_48_b6p10050'\'' Lx = 24 Lt = 48 beta = 6.10050 kappa = .121 cfgnum = 510' /home/poare/lqcd/pion_mass/pion_mass.qlua
+ for cfg in `seq 100 10 650`
+ mpirun -np 4 qlua -e 'jobid = 5683 cfgpath = '\''/data/d10b/ensembles/quenched/'\'' cfgbase = '\''su3_24_48_b6p10050'\'' Lx = 24 Lt = 48 beta = 6.10050 kappa = .121 cfgnum = 520' /home/poare/lqcd/pion_mass/pion_mass.qlua
+ for cfg in `seq 100 10 650`
+ mpirun -np 4 qlua -e 'jobid = 5683 cfgpath = '\''/data/d10b/ensembles/quenched/'\'' cfgbase = '\''su3_24_48_b6p10050'\'' Lx = 24 Lt = 48 beta = 6.10050 kappa = .121 cfgnum = 530' /home/poare/lqcd/pion_mass/pion_mass.qlua
+ for cfg in `seq 100 10 650`
+ mpirun -np 4 qlua -e 'jobid = 5683 cfgpath = '\''/data/d10b/ensembles/quenched/'\'' cfgbase = '\''su3_24_48_b6p10050'\'' Lx = 24 Lt = 48 beta = 6.10050 kappa = .121 cfgnum = 540' /home/poare/lqcd/pion_mass/pion_mass.qlua
+ for cfg in `seq 100 10 650`
+ mpirun -np 4 qlua -e 'jobid = 5683 cfgpath = '\''/data/d10b/ensembles/quenched/'\'' cfgbase = '\''su3_24_48_b6p10050'\'' Lx = 24 Lt = 48 beta = 6.10050 kappa = .121 cfgnum = 550' /home/poare/lqcd/pion_mass/pion_mass.qlua
+ for cfg in `seq 100 10 650`
+ mpirun -np 4 qlua -e 'jobid = 5683 cfgpath = '\''/data/d10b/ensembles/quenched/'\'' cfgbase = '\''su3_24_48_b6p10050'\'' Lx = 24 Lt = 48 beta = 6.10050 kappa = .121 cfgnum = 560' /home/poare/lqcd/pion_mass/pion_mass.qlua
+ for cfg in `seq 100 10 650`
+ mpirun -np 4 qlua -e 'jobid = 5683 cfgpath = '\''/data/d10b/ensembles/quenched/'\'' cfgbase = '\''su3_24_48_b6p10050'\'' Lx = 24 Lt = 48 beta = 6.10050 kappa = .121 cfgnum = 570' /home/poare/lqcd/pion_mass/pion_mass.qlua
+ for cfg in `seq 100 10 650`
+ mpirun -np 4 qlua -e 'jobid = 5683 cfgpath = '\''/data/d10b/ensembles/quenched/'\'' cfgbase = '\''su3_24_48_b6p10050'\'' Lx = 24 Lt = 48 beta = 6.10050 kappa = .121 cfgnum = 580' /home/poare/lqcd/pion_mass/pion_mass.qlua
+ for cfg in `seq 100 10 650`
+ mpirun -np 4 qlua -e 'jobid = 5683 cfgpath = '\''/data/d10b/ensembles/quenched/'\'' cfgbase = '\''su3_24_48_b6p10050'\'' Lx = 24 Lt = 48 beta = 6.10050 kappa = .121 cfgnum = 590' /home/poare/lqcd/pion_mass/pion_mass.qlua
+ for cfg in `seq 100 10 650`
+ mpirun -np 4 qlua -e 'jobid = 5683 cfgpath = '\''/data/d10b/ensembles/quenched/'\'' cfgbase = '\''su3_24_48_b6p10050'\'' Lx = 24 Lt = 48 beta = 6.10050 kappa = .121 cfgnum = 600' /home/poare/lqcd/pion_mass/pion_mass.qlua
+ for cfg in `seq 100 10 650`
+ mpirun -np 4 qlua -e 'jobid = 5683 cfgpath = '\''/data/d10b/ensembles/quenched/'\'' cfgbase = '\''su3_24_48_b6p10050'\'' Lx = 24 Lt = 48 beta = 6.10050 kappa = .121 cfgnum = 610' /home/poare/lqcd/pion_mass/pion_mass.qlua
+ for cfg in `seq 100 10 650`
+ mpirun -np 4 qlua -e 'jobid = 5683 cfgpath = '\''/data/d10b/ensembles/quenched/'\'' cfgbase = '\''su3_24_48_b6p10050'\'' Lx = 24 Lt = 48 beta = 6.10050 kappa = .121 cfgnum = 620' /home/poare/lqcd/pion_mass/pion_mass.qlua
+ for cfg in `seq 100 10 650`
+ mpirun -np 4 qlua -e 'jobid = 5683 cfgpath = '\''/data/d10b/ensembles/quenched/'\'' cfgbase = '\''su3_24_48_b6p10050'\'' Lx = 24 Lt = 48 beta = 6.10050 kappa = .121 cfgnum = 630' /home/poare/lqcd/pion_mass/pion_mass.qlua
+ for cfg in `seq 100 10 650`
+ mpirun -np 4 qlua -e 'jobid = 5683 cfgpath = '\''/data/d10b/ensembles/quenched/'\'' cfgbase = '\''su3_24_48_b6p10050'\'' Lx = 24 Lt = 48 beta = 6.10050 kappa = .121 cfgnum = 640' /home/poare/lqcd/pion_mass/pion_mass.qlua
+ for cfg in `seq 100 10 650`
+ mpirun -np 4 qlua -e 'jobid = 5683 cfgpath = '\''/data/d10b/ensembles/quenched/'\'' cfgbase = '\''su3_24_48_b6p10050'\'' Lx = 24 Lt = 48 beta = 6.10050 kappa = .121 cfgnum = 650' /home/poare/lqcd/pion_mass/pion_mass.qlua
